2017-06-20 17:29:27 INFO  DefaultTestContextBootstrapper:260 - Loaded default TestExecutionListener class names from location [META-INF/spring.factories]: [org.springframework.test.context.web.ServletTestExecutionListener, org.springframework.test.context.support.DirtiesContextBeforeModesTestExecutionListener, org.springframework.test.context.support.DependencyInjectionTestExecutionListener, org.springframework.test.context.support.DirtiesContextTestExecutionListener, org.springframework.test.context.transaction.TransactionalTestExecutionListener, org.springframework.test.context.jdbc.SqlScriptsTestExecutionListener]
2017-06-20 17:29:27 INFO  DefaultTestContextBootstrapper:187 - Using TestExecutionListeners: [org.springframework.test.context.web.ServletTestExecutionListener@670002, org.springframework.test.context.support.DirtiesContextBeforeModesTestExecutionListener@1f0f1111, org.springframework.test.context.support.DependencyInjectionTestExecutionListener@49c386c8, org.springframework.test.context.support.DirtiesContextTestExecutionListener@56528192, org.springframework.test.context.transaction.TransactionalTestExecutionListener@6e0dec4a, org.springframework.test.context.jdbc.SqlScriptsTestExecutionListener@96def03]
2017-06-20 17:29:28 INFO  XmlBeanDefinitionReader:317 - Loading XML bean definitions from class path resource [appContext.xml]
2017-06-20 17:29:28 INFO  GenericApplicationContext:583 - Refreshing org.springframework.context.support.GenericApplicationContext@6a192cfe: startup date [Tue Jun 20 17:29:28 IST 2017]; root of context hierarchy
2017-06-20 17:29:29 INFO  MLog:212 - MLog clients using slf4j logging.
2017-06-20 17:29:29 INFO  C3P0Registry:212 - Initializing c3p0-0.9.5.2 [built 08-December-2015 22:06:04 -0800; debug? true; trace: 10]
2017-06-20 17:29:30 INFO  LocalContainerEntityManagerFactoryBean:349 - Building JPA container EntityManagerFactory for persistence unit 'V2CRM_PersistenceUnit'
2017-06-20 17:29:30 INFO  LogHelper:31 - HHH000204: Processing PersistenceUnitInfo [
	name: V2CRM_PersistenceUnit
	...]
2017-06-20 17:29:30 INFO  Version:45 - HHH000412: Hibernate Core {5.2.10.Final}
2017-06-20 17:29:30 INFO  Environment:213 - HHH000206: hibernate.properties not found
2017-06-20 17:29:30 INFO  Version:66 - HCANN000001: Hibernate Commons Annotations {5.0.1.Final}
2017-06-20 17:29:30 INFO  AbstractPoolBackedDataSource:212 - Initializing c3p0 pool... com.mchange.v2.c3p0.ComboPooledDataSource [ acquireIncrement -> 3, acquireRetryAttempts -> 30, acquireRetryDelay -> 1000, autoCommitOnClose -> false, automaticTestTable -> null, breakAfterAcquireFailure -> false, checkoutTimeout -> 5000, connectionCustomizerClassName -> null, connectionTesterClassName -> com.mchange.v2.c3p0.impl.DefaultConnectionTester, contextClassLoaderSource -> caller, dataSourceName -> 1hge1379o1irhqdvzrm8zd|4e517165, debugUnreturnedConnectionStackTraces -> false, description -> null, driverClass -> com.mysql.jdbc.Driver, extensions -> {}, factoryClassLocation -> null, forceIgnoreUnresolvedTransactions -> false, forceSynchronousCheckins -> false, forceUseNamedDriverClass -> false, identityToken -> 1hge1379o1irhqdvzrm8zd|4e517165, idleConnectionTestPeriod -> 60, initialPoolSize -> 3, jdbcUrl -> jdbc:mysql://localhost:3306/hirebuddy, maxAdministrativeTaskTime -> 0, maxConnectionAge -> 10, maxIdleTime -> 180, maxIdleTimeExcessConnections -> 0, maxPoolSize -> 25, maxStatements -> 0, maxStatementsPerConnection -> 0, minPoolSize -> 6, numHelperThreads -> 3, preferredTestQuery -> SELECT 1, privilegeSpawnedThreads -> false, properties -> {user=******, password=******}, propertyCycle -> 0, statementCacheNumDeferredCloseThreads -> 0, testConnectionOnCheckin -> true, testConnectionOnCheckout -> true, unreturnedConnectionTimeout -> 0, userOverrides -> {}, usesTraditionalReflectiveProxies -> false ]
2017-06-20 17:29:30 WARN  BasicResourcePool:220 - Bad pool size config, start 3 < min 6. Using 6 as start.
2017-06-20 17:29:31 INFO  Dialect:157 - HHH000400: Using dialect: org.hibernate.dialect.MySQL5InnoDBDialect
2017-06-20 17:29:33 INFO  QueryTranslatorFactoryInitiator:47 - HHH000397: Using ASTQueryTranslatorFactory
2017-06-20 17:29:33 INFO  LocalContainerEntityManagerFactoryBean:379 - Initialized JPA EntityManagerFactory for persistence unit 'V2CRM_PersistenceUnit'
2017-06-20 17:29:34 WARN  GenericApplicationContext:551 - Exception encountered during context initialization - cancelling refresh attempt: org.springframework.beans.factory.BeanCreationException: Error creating bean with name 'hirebuddySys': Error setting property values; nested exception is org.springframework.beans.PropertyBatchUpdateException; nested PropertyAccessExceptions (1) are:
PropertyAccessException 1: org.springframework.beans.MethodInvocationException: Property 'serviceBeans' threw exception; nested exception is java.lang.NoSuchMethodError: org.springframework.aop.support.AopUtils.isCglibProxyClass(Ljava/lang/Class;)Z
2017-06-20 17:29:34 INFO  LocalContainerEntityManagerFactoryBean:548 - Closing JPA EntityManagerFactory for persistence unit 'V2CRM_PersistenceUnit'
2017-06-20 17:29:34 ERROR TestContextManager:234 - Caught exception while allowing TestExecutionListener [org.springframework.test.context.support.DependencyInjectionTestExecutionListener@49c386c8] to prepare test instance [com.hirebuddy.services.test.BuddyServiceTest@75d366c2]
java.lang.IllegalStateException: Failed to load ApplicationContext
	at org.springframework.test.context.cache.DefaultCacheAwareContextLoaderDelegate.loadContext(DefaultCacheAwareContextLoaderDelegate.java:124)
	at org.springframework.test.context.support.DefaultTestContext.getApplicationContext(DefaultTestContext.java:83)
	at org.springframework.test.context.support.DependencyInjectionTestExecutionListener.injectDependencies(DependencyInjectionTestExecutionListener.java:117)
	at org.springframework.test.context.support.DependencyInjectionTestExecutionListener.prepareTestInstance(DependencyInjectionTestExecutionListener.java:83)
	at org.springframework.test.context.TestContextManager.prepareTestInstance(TestContextManager.java:230)
	at org.springframework.test.context.junit4.SpringJUnit4ClassRunner.createTest(SpringJUnit4ClassRunner.java:228)
	at org.springframework.test.context.junit4.SpringJUnit4ClassRunner$1.runReflectiveCall(SpringJUnit4ClassRunner.java:287)
	at org.junit.internal.runners.model.ReflectiveCallable.run(ReflectiveCallable.java:12)
	at org.springframework.test.context.junit4.SpringJUnit4ClassRunner.methodBlock(SpringJUnit4ClassRunner.java:289)
	at org.springframework.test.context.junit4.SpringJUnit4ClassRunner.runChild(SpringJUnit4ClassRunner.java:247)
	at org.springframework.test.context.junit4.SpringJUnit4ClassRunner.runChild(SpringJUnit4ClassRunner.java:94)
	at org.junit.runners.ParentRunner$3.run(ParentRunner.java:290)
	at org.junit.runners.ParentRunner$1.schedule(ParentRunner.java:71)
	at org.junit.runners.ParentRunner.runChildren(ParentRunner.java:288)
	at org.junit.runners.ParentRunner.access$000(ParentRunner.java:58)
	at org.junit.runners.ParentRunner$2.evaluate(ParentRunner.java:268)
	at org.springframework.test.context.junit4.statements.RunBeforeTestClassCallbacks.evaluate(RunBeforeTestClassCallbacks.java:61)
	at org.springframework.test.context.junit4.statements.RunAfterTestClassCallbacks.evaluate(RunAfterTestClassCallbacks.java:70)
	at org.junit.runners.ParentRunner.run(ParentRunner.java:363)
	at org.springframework.test.context.junit4.SpringJUnit4ClassRunner.run(SpringJUnit4ClassRunner.java:191)
	at org.eclipse.jdt.internal.junit4.runner.JUnit4TestReference.run(JUnit4TestReference.java:50)
	at org.eclipse.jdt.internal.junit.runner.TestExecution.run(TestExecution.java:38)
	at org.eclipse.jdt.internal.junit.runner.RemoteTestRunner.runTests(RemoteTestRunner.java:459)
	at org.eclipse.jdt.internal.junit.runner.RemoteTestRunner.runTests(RemoteTestRunner.java:675)
	at org.eclipse.jdt.internal.junit.runner.RemoteTestRunner.run(RemoteTestRunner.java:382)
	at org.eclipse.jdt.internal.junit.runner.RemoteTestRunner.main(RemoteTestRunner.java:192)
Caused by: org.springframework.beans.factory.BeanCreationException: Error creating bean with name 'hirebuddySys': Error setting property values; nested exception is org.springframework.beans.PropertyBatchUpdateException; nested PropertyAccessExceptions (1) are:
PropertyAccessException 1: org.springframework.beans.MethodInvocationException: Property 'serviceBeans' threw exception; nested exception is java.lang.NoSuchMethodError: org.springframework.aop.support.AopUtils.isCglibProxyClass(Ljava/lang/Class;)Z
	at org.springframework.beans.factory.support.AbstractAutowireCapableBeanFactory.applyPropertyValues(AbstractAutowireCapableBeanFactory.java:1568)
	at org.springframework.beans.factory.support.AbstractAutowireCapableBeanFactory.populateBean(AbstractAutowireCapableBeanFactory.java:1276)
	at org.springframework.beans.factory.support.AbstractAutowireCapableBeanFactory.doCreateBean(AbstractAutowireCapableBeanFactory.java:553)
	at org.springframework.beans.factory.support.AbstractAutowireCapableBeanFactory.createBean(AbstractAutowireCapableBeanFactory.java:483)
	at org.springframework.beans.factory.support.AbstractBeanFactory$1.getObject(AbstractBeanFactory.java:306)
	at org.springframework.beans.factory.support.DefaultSingletonBeanRegistry.getSingleton(DefaultSingletonBeanRegistry.java:230)
	at org.springframework.beans.factory.support.AbstractBeanFactory.doGetBean(AbstractBeanFactory.java:302)
	at org.springframework.beans.factory.support.AbstractBeanFactory.getBean(AbstractBeanFactory.java:197)
	at org.springframework.beans.factory.support.DefaultListableBeanFactory.preInstantiateSingletons(DefaultListableBeanFactory.java:761)
	at org.springframework.context.support.AbstractApplicationContext.finishBeanFactoryInitialization(AbstractApplicationContext.java:867)
	at org.springframework.context.support.AbstractApplicationContext.refresh(AbstractApplicationContext.java:543)
	at org.springframework.test.context.support.AbstractGenericContextLoader.loadContext(AbstractGenericContextLoader.java:128)
	at org.springframework.test.context.support.AbstractGenericContextLoader.loadContext(AbstractGenericContextLoader.java:60)
	at org.springframework.test.context.support.AbstractDelegatingSmartContextLoader.delegateLoading(AbstractDelegatingSmartContextLoader.java:108)
	at org.springframework.test.context.support.AbstractDelegatingSmartContextLoader.loadContext(AbstractDelegatingSmartContextLoader.java:251)
	at org.springframework.test.context.cache.DefaultCacheAwareContextLoaderDelegate.loadContextInternal(DefaultCacheAwareContextLoaderDelegate.java:98)
	at org.springframework.test.context.cache.DefaultCacheAwareContextLoaderDelegate.loadContext(DefaultCacheAwareContextLoaderDelegate.java:116)
	... 25 more
Caused by: org.springframework.beans.PropertyBatchUpdateException; nested PropertyAccessExceptions (1) are:
PropertyAccessException 1: org.springframework.beans.MethodInvocationException: Property 'serviceBeans' threw exception; nested exception is java.lang.NoSuchMethodError: org.springframework.aop.support.AopUtils.isCglibProxyClass(Ljava/lang/Class;)Z
	at org.springframework.beans.AbstractPropertyAccessor.setPropertyValues(AbstractPropertyAccessor.java:121)
	at org.springframework.beans.AbstractPropertyAccessor.setPropertyValues(AbstractPropertyAccessor.java:75)
	at org.springframework.beans.factory.support.AbstractAutowireCapableBeanFactory.applyPropertyValues(AbstractAutowireCapableBeanFactory.java:1564)
	... 41 more
2017-06-20 17:30:45 INFO  DefaultTestContextBootstrapper:260 - Loaded default TestExecutionListener class names from location [META-INF/spring.factories]: [org.springframework.test.context.web.ServletTestExecutionListener, org.springframework.test.context.support.DirtiesContextBeforeModesTestExecutionListener, org.springframework.test.context.support.DependencyInjectionTestExecutionListener, org.springframework.test.context.support.DirtiesContextTestExecutionListener, org.springframework.test.context.transaction.TransactionalTestExecutionListener, org.springframework.test.context.jdbc.SqlScriptsTestExecutionListener]
2017-06-20 17:30:45 INFO  DefaultTestContextBootstrapper:187 - Using TestExecutionListeners: [org.springframework.test.context.web.ServletTestExecutionListener@45b9a632, org.springframework.test.context.support.DirtiesContextBeforeModesTestExecutionListener@25d250c6, org.springframework.test.context.support.DependencyInjectionTestExecutionListener@4df50bcc, org.springframework.test.context.support.DirtiesContextTestExecutionListener@6b26e945, org.springframework.test.context.transaction.TransactionalTestExecutionListener@63a65a25, org.springframework.test.context.jdbc.SqlScriptsTestExecutionListener@54c562f7]
2017-06-20 17:30:45 INFO  XmlBeanDefinitionReader:317 - Loading XML bean definitions from class path resource [appContext.xml]
2017-06-20 17:30:46 INFO  GenericApplicationContext:583 - Refreshing org.springframework.context.support.GenericApplicationContext@50b472aa: startup date [Tue Jun 20 17:30:46 IST 2017]; root of context hierarchy
2017-06-20 17:30:47 INFO  MLog:212 - MLog clients using slf4j logging.
2017-06-20 17:30:47 INFO  C3P0Registry:212 - Initializing c3p0-0.9.5.2 [built 08-December-2015 22:06:04 -0800; debug? true; trace: 10]
2017-06-20 17:30:47 INFO  LocalContainerEntityManagerFactoryBean:349 - Building JPA container EntityManagerFactory for persistence unit 'V2CRM_PersistenceUnit'
2017-06-20 17:30:47 INFO  LogHelper:31 - HHH000204: Processing PersistenceUnitInfo [
	name: V2CRM_PersistenceUnit
	...]
2017-06-20 17:30:48 INFO  Version:45 - HHH000412: Hibernate Core {5.2.10.Final}
2017-06-20 17:30:48 INFO  Environment:213 - HHH000206: hibernate.properties not found
2017-06-20 17:30:48 INFO  Version:66 - HCANN000001: Hibernate Commons Annotations {5.0.1.Final}
2017-06-20 17:30:48 INFO  AbstractPoolBackedDataSource:212 - Initializing c3p0 pool... com.mchange.v2.c3p0.ComboPooledDataSource [ acquireIncrement -> 3, acquireRetryAttempts -> 30, acquireRetryDelay -> 1000, autoCommitOnClose -> false, automaticTestTable -> null, breakAfterAcquireFailure -> false, checkoutTimeout -> 5000, connectionCustomizerClassName -> null, connectionTesterClassName -> com.mchange.v2.c3p0.impl.DefaultConnectionTester, contextClassLoaderSource -> caller, dataSourceName -> 1hge1379o1irjed8rd82e1|2dbf4cbd, debugUnreturnedConnectionStackTraces -> false, description -> null, driverClass -> com.mysql.jdbc.Driver, extensions -> {}, factoryClassLocation -> null, forceIgnoreUnresolvedTransactions -> false, forceSynchronousCheckins -> false, forceUseNamedDriverClass -> false, identityToken -> 1hge1379o1irjed8rd82e1|2dbf4cbd, idleConnectionTestPeriod -> 60, initialPoolSize -> 3, jdbcUrl -> jdbc:mysql://localhost:3306/hirebuddy, maxAdministrativeTaskTime -> 0, maxConnectionAge -> 10, maxIdleTime -> 180, maxIdleTimeExcessConnections -> 0, maxPoolSize -> 25, maxStatements -> 0, maxStatementsPerConnection -> 0, minPoolSize -> 6, numHelperThreads -> 3, preferredTestQuery -> SELECT 1, privilegeSpawnedThreads -> false, properties -> {user=******, password=******}, propertyCycle -> 0, statementCacheNumDeferredCloseThreads -> 0, testConnectionOnCheckin -> true, testConnectionOnCheckout -> true, unreturnedConnectionTimeout -> 0, userOverrides -> {}, usesTraditionalReflectiveProxies -> false ]
2017-06-20 17:30:48 WARN  BasicResourcePool:220 - Bad pool size config, start 3 < min 6. Using 6 as start.
2017-06-20 17:30:49 INFO  Dialect:157 - HHH000400: Using dialect: org.hibernate.dialect.MySQL5InnoDBDialect
2017-06-20 17:30:50 INFO  QueryTranslatorFactoryInitiator:47 - HHH000397: Using ASTQueryTranslatorFactory
2017-06-20 17:30:50 INFO  LocalContainerEntityManagerFactoryBean:379 - Initialized JPA EntityManagerFactory for persistence unit 'V2CRM_PersistenceUnit'
2017-06-20 17:30:51 INFO  ServerImpl:85 - Setting the server's publish address to be /rest/
2017-06-20 17:30:52 INFO  TransactionContext:101 - Began transaction (1) for test context [DefaultTestContext@23ee2ccf testClass = BuddyServiceTest, testInstance = com.hirebuddy.services.test.BuddyServiceTest@165614f5, testMethod = testBuddyCreationByMobile@BuddyServiceTest, testException = [null], mergedContextConfiguration = [MergedContextConfiguration@33ec2c0c testClass = BuddyServiceTest, locations = '{classpath:appContext.xml}', classes = '{}', contextInitializerClasses = '[]', activeProfiles = '{}', propertySourceLocations = '{}', propertySourceProperties = '{}', contextCustomizers = set[[empty]], contextLoader = 'org.springframework.test.context.support.DelegatingSmartContextLoader', parent = [null]]]; transaction manager [org.springframework.orm.jpa.JpaTransactionManager@39652a30]; rollback [false]
2017-06-20 17:35:40 INFO  TransactionContext:136 - Committed transaction for test context [DefaultTestContext@23ee2ccf testClass = BuddyServiceTest, testInstance = com.hirebuddy.services.test.BuddyServiceTest@165614f5, testMethod = testBuddyCreationByMobile@BuddyServiceTest, testException = [null], mergedContextConfiguration = [MergedContextConfiguration@33ec2c0c testClass = BuddyServiceTest, locations = '{classpath:appContext.xml}', classes = '{}', contextInitializerClasses = '[]', activeProfiles = '{}', propertySourceLocations = '{}', propertySourceProperties = '{}', contextCustomizers = set[[empty]], contextLoader = 'org.springframework.test.context.support.DelegatingSmartContextLoader', parent = [null]]].
2017-06-20 17:35:40 INFO  GenericApplicationContext:984 - Closing org.springframework.context.support.GenericApplicationContext@50b472aa: startup date [Tue Jun 20 17:30:46 IST 2017]; root of context hierarchy
2017-06-20 17:35:40 INFO  LocalContainerEntityManagerFactoryBean:548 - Closing JPA EntityManagerFactory for persistence unit 'V2CRM_PersistenceUnit'
2017-06-20 17:37:50 INFO  DefaultTestContextBootstrapper:260 - Loaded default TestExecutionListener class names from location [META-INF/spring.factories]: [org.springframework.test.context.web.ServletTestExecutionListener, org.springframework.test.context.support.DirtiesContextBeforeModesTestExecutionListener, org.springframework.test.context.support.DependencyInjectionTestExecutionListener, org.springframework.test.context.support.DirtiesContextTestExecutionListener, org.springframework.test.context.transaction.TransactionalTestExecutionListener, org.springframework.test.context.jdbc.SqlScriptsTestExecutionListener]
2017-06-20 17:37:50 INFO  DefaultTestContextBootstrapper:187 - Using TestExecutionListeners: [org.springframework.test.context.web.ServletTestExecutionListener@45b9a632, org.springframework.test.context.support.DirtiesContextBeforeModesTestExecutionListener@25d250c6, org.springframework.test.context.support.DependencyInjectionTestExecutionListener@4df50bcc, org.springframework.test.context.support.DirtiesContextTestExecutionListener@6b26e945, org.springframework.test.context.transaction.TransactionalTestExecutionListener@63a65a25, org.springframework.test.context.jdbc.SqlScriptsTestExecutionListener@54c562f7]
2017-06-20 17:37:50 INFO  XmlBeanDefinitionReader:317 - Loading XML bean definitions from class path resource [appContext.xml]
2017-06-20 17:37:51 INFO  GenericApplicationContext:583 - Refreshing org.springframework.context.support.GenericApplicationContext@50b472aa: startup date [Tue Jun 20 17:37:51 IST 2017]; root of context hierarchy
2017-06-20 17:37:52 INFO  MLog:212 - MLog clients using slf4j logging.
2017-06-20 17:37:52 INFO  C3P0Registry:212 - Initializing c3p0-0.9.5.2 [built 08-December-2015 22:06:04 -0800; debug? true; trace: 10]
2017-06-20 17:37:52 INFO  LocalContainerEntityManagerFactoryBean:349 - Building JPA container EntityManagerFactory for persistence unit 'V2CRM_PersistenceUnit'
2017-06-20 17:37:52 INFO  LogHelper:31 - HHH000204: Processing PersistenceUnitInfo [
	name: V2CRM_PersistenceUnit
	...]
2017-06-20 17:37:53 INFO  Version:45 - HHH000412: Hibernate Core {5.2.10.Final}
2017-06-20 17:37:53 INFO  Environment:213 - HHH000206: hibernate.properties not found
2017-06-20 17:37:53 INFO  Version:66 - HCANN000001: Hibernate Commons Annotations {5.0.1.Final}
2017-06-20 17:37:53 INFO  AbstractPoolBackedDataSource:212 - Initializing c3p0 pool... com.mchange.v2.c3p0.ComboPooledDataSource [ acquireIncrement -> 3, acquireRetryAttempts -> 30, acquireRetryDelay -> 1000, autoCommitOnClose -> false, automaticTestTable -> null, breakAfterAcquireFailure -> false, checkoutTimeout -> 5000, connectionCustomizerClassName -> null, connectionTesterClassName -> com.mchange.v2.c3p0.impl.DefaultConnectionTester, contextClassLoaderSource -> caller, dataSourceName -> 1hge1379o1irsidiojk3g8|2dbf4cbd, debugUnreturnedConnectionStackTraces -> false, description -> null, driverClass -> com.mysql.jdbc.Driver, extensions -> {}, factoryClassLocation -> null, forceIgnoreUnresolvedTransactions -> false, forceSynchronousCheckins -> false, forceUseNamedDriverClass -> false, identityToken -> 1hge1379o1irsidiojk3g8|2dbf4cbd, idleConnectionTestPeriod -> 60, initialPoolSize -> 3, jdbcUrl -> jdbc:mysql://localhost:3306/hirebuddy, maxAdministrativeTaskTime -> 0, maxConnectionAge -> 10, maxIdleTime -> 180, maxIdleTimeExcessConnections -> 0, maxPoolSize -> 25, maxStatements -> 0, maxStatementsPerConnection -> 0, minPoolSize -> 6, numHelperThreads -> 3, preferredTestQuery -> SELECT 1, privilegeSpawnedThreads -> false, properties -> {user=******, password=******}, propertyCycle -> 0, statementCacheNumDeferredCloseThreads -> 0, testConnectionOnCheckin -> true, testConnectionOnCheckout -> true, unreturnedConnectionTimeout -> 0, userOverrides -> {}, usesTraditionalReflectiveProxies -> false ]
2017-06-20 17:37:53 WARN  BasicResourcePool:220 - Bad pool size config, start 3 < min 6. Using 6 as start.
2017-06-20 17:37:54 INFO  Dialect:157 - HHH000400: Using dialect: org.hibernate.dialect.MySQL5InnoDBDialect
2017-06-20 17:37:55 INFO  QueryTranslatorFactoryInitiator:47 - HHH000397: Using ASTQueryTranslatorFactory
2017-06-20 17:37:56 INFO  LocalContainerEntityManagerFactoryBean:379 - Initialized JPA EntityManagerFactory for persistence unit 'V2CRM_PersistenceUnit'
2017-06-20 17:37:56 INFO  ServerImpl:85 - Setting the server's publish address to be /rest/
2017-06-20 17:37:57 INFO  TransactionContext:101 - Began transaction (1) for test context [DefaultTestContext@1860a7a1 testClass = BuddyServiceTest, testInstance = com.hirebuddy.services.test.BuddyServiceTest@40d96578, testMethod = testBuddyCreationByMobile@BuddyServiceTest, testException = [null], mergedContextConfiguration = [MergedContextConfiguration@543fe698 testClass = BuddyServiceTest, locations = '{classpath:appContext.xml}', classes = '{}', contextInitializerClasses = '[]', activeProfiles = '{}', propertySourceLocations = '{}', propertySourceProperties = '{}', contextCustomizers = set[[empty]], contextLoader = 'org.springframework.test.context.support.DelegatingSmartContextLoader', parent = [null]]]; transaction manager [org.springframework.orm.jpa.JpaTransactionManager@7364f68]; rollback [false]
2017-06-20 17:38:59 INFO  TransactionContext:136 - Committed transaction for test context [DefaultTestContext@1860a7a1 testClass = BuddyServiceTest, testInstance = com.hirebuddy.services.test.BuddyServiceTest@40d96578, testMethod = testBuddyCreationByMobile@BuddyServiceTest, testException = [null], mergedContextConfiguration = [MergedContextConfiguration@543fe698 testClass = BuddyServiceTest, locations = '{classpath:appContext.xml}', classes = '{}', contextInitializerClasses = '[]', activeProfiles = '{}', propertySourceLocations = '{}', propertySourceProperties = '{}', contextCustomizers = set[[empty]], contextLoader = 'org.springframework.test.context.support.DelegatingSmartContextLoader', parent = [null]]].
2017-06-20 17:38:59 INFO  GenericApplicationContext:984 - Closing org.springframework.context.support.GenericApplicationContext@50b472aa: startup date [Tue Jun 20 17:37:51 IST 2017]; root of context hierarchy
2017-06-20 17:38:59 INFO  LocalContainerEntityManagerFactoryBean:548 - Closing JPA EntityManagerFactory for persistence unit 'V2CRM_PersistenceUnit'
2017-06-20 17:39:49 INFO  DefaultTestContextBootstrapper:260 - Loaded default TestExecutionListener class names from location [META-INF/spring.factories]: [org.springframework.test.context.web.ServletTestExecutionListener, org.springframework.test.context.support.DirtiesContextBeforeModesTestExecutionListener, org.springframework.test.context.support.DependencyInjectionTestExecutionListener, org.springframework.test.context.support.DirtiesContextTestExecutionListener, org.springframework.test.context.transaction.TransactionalTestExecutionListener, org.springframework.test.context.jdbc.SqlScriptsTestExecutionListener]
2017-06-20 17:39:49 INFO  DefaultTestContextBootstrapper:187 - Using TestExecutionListeners: [org.springframework.test.context.web.ServletTestExecutionListener@204f30ec, org.springframework.test.context.support.DirtiesContextBeforeModesTestExecutionListener@e25b2fe, org.springframework.test.context.support.DependencyInjectionTestExecutionListener@754ba872, org.springframework.test.context.support.DirtiesContextTestExecutionListener@146ba0ac, org.springframework.test.context.transaction.TransactionalTestExecutionListener@4dfa3a9d, org.springframework.test.context.jdbc.SqlScriptsTestExecutionListener@6eebc39e]
2017-06-20 17:39:49 INFO  XmlBeanDefinitionReader:317 - Loading XML bean definitions from class path resource [appContext.xml]
2017-06-20 17:39:50 INFO  GenericApplicationContext:583 - Refreshing org.springframework.context.support.GenericApplicationContext@6f1fba17: startup date [Tue Jun 20 17:39:50 IST 2017]; root of context hierarchy
2017-06-20 17:39:50 INFO  MLog:212 - MLog clients using slf4j logging.
2017-06-20 17:39:51 INFO  C3P0Registry:212 - Initializing c3p0-0.9.5.2 [built 08-December-2015 22:06:04 -0800; debug? true; trace: 10]
2017-06-20 17:39:51 INFO  LocalContainerEntityManagerFactoryBean:349 - Building JPA container EntityManagerFactory for persistence unit 'V2CRM_PersistenceUnit'
2017-06-20 17:39:51 INFO  LogHelper:31 - HHH000204: Processing PersistenceUnitInfo [
	name: V2CRM_PersistenceUnit
	...]
2017-06-20 17:39:51 INFO  Version:45 - HHH000412: Hibernate Core {5.2.10.Final}
2017-06-20 17:39:51 INFO  Environment:213 - HHH000206: hibernate.properties not found
2017-06-20 17:39:51 INFO  Version:66 - HCANN000001: Hibernate Commons Annotations {5.0.1.Final}
2017-06-20 17:39:51 INFO  AbstractPoolBackedDataSource:212 - Initializing c3p0 pool... com.mchange.v2.c3p0.ComboPooledDataSource [ acquireIncrement -> 3, acquireRetryAttempts -> 30, acquireRetryDelay -> 1000, autoCommitOnClose -> false, automaticTestTable -> null, breakAfterAcquireFailure -> false, checkoutTimeout -> 5000, connectionCustomizerClassName -> null, connectionTesterClassName -> com.mchange.v2.c3p0.impl.DefaultConnectionTester, contextClassLoaderSource -> caller, dataSourceName -> 1hge1379o1irv1svufvath|4a7f959b, debugUnreturnedConnectionStackTraces -> false, description -> null, driverClass -> com.mysql.jdbc.Driver, extensions -> {}, factoryClassLocation -> null, forceIgnoreUnresolvedTransactions -> false, forceSynchronousCheckins -> false, forceUseNamedDriverClass -> false, identityToken -> 1hge1379o1irv1svufvath|4a7f959b, idleConnectionTestPeriod -> 60, initialPoolSize -> 3, jdbcUrl -> jdbc:mysql://localhost:3306/hirebuddy, maxAdministrativeTaskTime -> 0, maxConnectionAge -> 10, maxIdleTime -> 180, maxIdleTimeExcessConnections -> 0, maxPoolSize -> 25, maxStatements -> 0, maxStatementsPerConnection -> 0, minPoolSize -> 6, numHelperThreads -> 3, preferredTestQuery -> SELECT 1, privilegeSpawnedThreads -> false, properties -> {user=******, password=******}, propertyCycle -> 0, statementCacheNumDeferredCloseThreads -> 0, testConnectionOnCheckin -> true, testConnectionOnCheckout -> true, unreturnedConnectionTimeout -> 0, userOverrides -> {}, usesTraditionalReflectiveProxies -> false ]
2017-06-20 17:39:51 WARN  BasicResourcePool:220 - Bad pool size config, start 3 < min 6. Using 6 as start.
2017-06-20 17:39:52 INFO  Dialect:157 - HHH000400: Using dialect: org.hibernate.dialect.MySQL5InnoDBDialect
2017-06-20 17:39:53 INFO  QueryTranslatorFactoryInitiator:47 - HHH000397: Using ASTQueryTranslatorFactory
2017-06-20 17:39:53 INFO  LocalContainerEntityManagerFactoryBean:379 - Initialized JPA EntityManagerFactory for persistence unit 'V2CRM_PersistenceUnit'
2017-06-20 17:39:54 INFO  ServerImpl:85 - Setting the server's publish address to be /rest/
2017-06-20 17:39:55 INFO  TransactionContext:101 - Began transaction (1) for test context [DefaultTestContext@f951a7f testClass = BuddyServiceTest, testInstance = com.hirebuddy.services.test.BuddyServiceTest@20cece0b, testMethod = testBuddyCreationByMobile@BuddyServiceTest, testException = [null], mergedContextConfiguration = [MergedContextConfiguration@5e2a3040 testClass = BuddyServiceTest, locations = '{classpath:appContext.xml}', classes = '{}', contextInitializerClasses = '[]', activeProfiles = '{}', propertySourceLocations = '{}', propertySourceProperties = '{}', contextCustomizers = set[[empty]], contextLoader = 'org.springframework.test.context.support.DelegatingSmartContextLoader', parent = [null]]]; transaction manager [org.springframework.orm.jpa.JpaTransactionManager@e042c99]; rollback [false]
2017-06-20 17:39:56 INFO  TransactionContext:136 - Committed transaction for test context [DefaultTestContext@f951a7f testClass = BuddyServiceTest, testInstance = com.hirebuddy.services.test.BuddyServiceTest@20cece0b, testMethod = testBuddyCreationByMobile@BuddyServiceTest, testException = [null], mergedContextConfiguration = [MergedContextConfiguration@5e2a3040 testClass = BuddyServiceTest, locations = '{classpath:appContext.xml}', classes = '{}', contextInitializerClasses = '[]', activeProfiles = '{}', propertySourceLocations = '{}', propertySourceProperties = '{}', contextCustomizers = set[[empty]], contextLoader = 'org.springframework.test.context.support.DelegatingSmartContextLoader', parent = [null]]].
2017-06-20 17:39:56 INFO  GenericApplicationContext:984 - Closing org.springframework.context.support.GenericApplicationContext@6f1fba17: startup date [Tue Jun 20 17:39:50 IST 2017]; root of context hierarchy
2017-06-20 17:39:56 INFO  LocalContainerEntityManagerFactoryBean:548 - Closing JPA EntityManagerFactory for persistence unit 'V2CRM_PersistenceUnit'
2017-06-20 17:41:59 INFO  DefaultTestContextBootstrapper:260 - Loaded default TestExecutionListener class names from location [META-INF/spring.factories]: [org.springframework.test.context.web.ServletTestExecutionListener, org.springframework.test.context.support.DirtiesContextBeforeModesTestExecutionListener, org.springframework.test.context.support.DependencyInjectionTestExecutionListener, org.springframework.test.context.support.DirtiesContextTestExecutionListener, org.springframework.test.context.transaction.TransactionalTestExecutionListener, org.springframework.test.context.jdbc.SqlScriptsTestExecutionListener]
2017-06-20 17:41:59 INFO  DefaultTestContextBootstrapper:187 - Using TestExecutionListeners: [org.springframework.test.context.web.ServletTestExecutionListener@204f30ec, org.springframework.test.context.support.DirtiesContextBeforeModesTestExecutionListener@e25b2fe, org.springframework.test.context.support.DependencyInjectionTestExecutionListener@754ba872, org.springframework.test.context.support.DirtiesContextTestExecutionListener@146ba0ac, org.springframework.test.context.transaction.TransactionalTestExecutionListener@4dfa3a9d, org.springframework.test.context.jdbc.SqlScriptsTestExecutionListener@6eebc39e]
2017-06-20 17:41:59 INFO  XmlBeanDefinitionReader:317 - Loading XML bean definitions from class path resource [appContext.xml]
2017-06-20 17:42:00 INFO  GenericApplicationContext:583 - Refreshing org.springframework.context.support.GenericApplicationContext@6f1fba17: startup date [Tue Jun 20 17:42:00 IST 2017]; root of context hierarchy
2017-06-20 17:42:00 INFO  MLog:212 - MLog clients using slf4j logging.
2017-06-20 17:42:01 INFO  C3P0Registry:212 - Initializing c3p0-0.9.5.2 [built 08-December-2015 22:06:04 -0800; debug? true; trace: 10]
2017-06-20 17:42:01 INFO  LocalContainerEntityManagerFactoryBean:349 - Building JPA container EntityManagerFactory for persistence unit 'V2CRM_PersistenceUnit'
2017-06-20 17:42:01 INFO  LogHelper:31 - HHH000204: Processing PersistenceUnitInfo [
	name: V2CRM_PersistenceUnit
	...]
2017-06-20 17:42:01 INFO  Version:45 - HHH000412: Hibernate Core {5.2.10.Final}
2017-06-20 17:42:01 INFO  Environment:213 - HHH000206: hibernate.properties not found
2017-06-20 17:42:01 INFO  Version:66 - HCANN000001: Hibernate Commons Annotations {5.0.1.Final}
2017-06-20 17:42:02 INFO  AbstractPoolBackedDataSource:212 - Initializing c3p0 pool... com.mchange.v2.c3p0.ComboPooledDataSource [ acquireIncrement -> 3, acquireRetryAttempts -> 30, acquireRetryDelay -> 1000, autoCommitOnClose -> false, automaticTestTable -> null, breakAfterAcquireFailure -> false, checkoutTimeout -> 5000, connectionCustomizerClassName -> null, connectionTesterClassName -> com.mchange.v2.c3p0.impl.DefaultConnectionTester, contextClassLoaderSource -> caller, dataSourceName -> 1hge1379o1irxu4l1guzik6|5403f35f, debugUnreturnedConnectionStackTraces -> false, description -> null, driverClass -> com.mysql.jdbc.Driver, extensions -> {}, factoryClassLocation -> null, forceIgnoreUnresolvedTransactions -> false, forceSynchronousCheckins -> false, forceUseNamedDriverClass -> false, identityToken -> 1hge1379o1irxu4l1guzik6|5403f35f, idleConnectionTestPeriod -> 60, initialPoolSize -> 3, jdbcUrl -> jdbc:mysql://localhost:3306/hirebuddy, maxAdministrativeTaskTime -> 0, maxConnectionAge -> 10, maxIdleTime -> 180, maxIdleTimeExcessConnections -> 0, maxPoolSize -> 25, maxStatements -> 0, maxStatementsPerConnection -> 0, minPoolSize -> 6, numHelperThreads -> 3, preferredTestQuery -> SELECT 1, privilegeSpawnedThreads -> false, properties -> {user=******, password=******}, propertyCycle -> 0, statementCacheNumDeferredCloseThreads -> 0, testConnectionOnCheckin -> true, testConnectionOnCheckout -> true, unreturnedConnectionTimeout -> 0, userOverrides -> {}, usesTraditionalReflectiveProxies -> false ]
2017-06-20 17:42:02 WARN  BasicResourcePool:220 - Bad pool size config, start 3 < min 6. Using 6 as start.
2017-06-20 17:42:02 INFO  Dialect:157 - HHH000400: Using dialect: org.hibernate.dialect.MySQL5InnoDBDialect
2017-06-20 17:42:03 INFO  QueryTranslatorFactoryInitiator:47 - HHH000397: Using ASTQueryTranslatorFactory
2017-06-20 17:42:04 INFO  LocalContainerEntityManagerFactoryBean:379 - Initialized JPA EntityManagerFactory for persistence unit 'V2CRM_PersistenceUnit'
2017-06-20 17:42:04 INFO  ServerImpl:85 - Setting the server's publish address to be /rest/
2017-06-20 17:42:05 INFO  TransactionContext:101 - Began transaction (1) for test context [DefaultTestContext@4c777e7b testClass = BuddyServiceTest, testInstance = com.hirebuddy.services.test.BuddyServiceTest@5f038248, testMethod = testBuddyCreationByMobile@BuddyServiceTest, testException = [null], mergedContextConfiguration = [MergedContextConfiguration@74294c1a testClass = BuddyServiceTest, locations = '{classpath:appContext.xml}', classes = '{}', contextInitializerClasses = '[]', activeProfiles = '{}', propertySourceLocations = '{}', propertySourceProperties = '{}', contextCustomizers = set[[empty]], contextLoader = 'org.springframework.test.context.support.DelegatingSmartContextLoader', parent = [null]]]; transaction manager [org.springframework.orm.jpa.JpaTransactionManager@42b6d0cc]; rollback [false]
2017-06-20 17:42:06 INFO  TransactionContext:136 - Committed transaction for test context [DefaultTestContext@4c777e7b testClass = BuddyServiceTest, testInstance = com.hirebuddy.services.test.BuddyServiceTest@5f038248, testMethod = testBuddyCreationByMobile@BuddyServiceTest, testException = [null], mergedContextConfiguration = [MergedContextConfiguration@74294c1a testClass = BuddyServiceTest, locations = '{classpath:appContext.xml}', classes = '{}', contextInitializerClasses = '[]', activeProfiles = '{}', propertySourceLocations = '{}', propertySourceProperties = '{}', contextCustomizers = set[[empty]], contextLoader = 'org.springframework.test.context.support.DelegatingSmartContextLoader', parent = [null]]].
2017-06-20 17:42:06 INFO  GenericApplicationContext:984 - Closing org.springframework.context.support.GenericApplicationContext@6f1fba17: startup date [Tue Jun 20 17:42:00 IST 2017]; root of context hierarchy
2017-06-20 17:42:06 INFO  LocalContainerEntityManagerFactoryBean:548 - Closing JPA EntityManagerFactory for persistence unit 'V2CRM_PersistenceUnit'
2017-06-20 17:42:44 INFO  DefaultTestContextBootstrapper:260 - Loaded default TestExecutionListener class names from location [META-INF/spring.factories]: [org.springframework.test.context.web.ServletTestExecutionListener, org.springframework.test.context.support.DirtiesContextBeforeModesTestExecutionListener, org.springframework.test.context.support.DependencyInjectionTestExecutionListener, org.springframework.test.context.support.DirtiesContextTestExecutionListener, org.springframework.test.context.transaction.TransactionalTestExecutionListener, org.springframework.test.context.jdbc.SqlScriptsTestExecutionListener]
2017-06-20 17:42:44 INFO  DefaultTestContextBootstrapper:187 - Using TestExecutionListeners: [org.springframework.test.context.web.ServletTestExecutionListener@204f30ec, org.springframework.test.context.support.DirtiesContextBeforeModesTestExecutionListener@e25b2fe, org.springframework.test.context.support.DependencyInjectionTestExecutionListener@754ba872, org.springframework.test.context.support.DirtiesContextTestExecutionListener@146ba0ac, org.springframework.test.context.transaction.TransactionalTestExecutionListener@4dfa3a9d, org.springframework.test.context.jdbc.SqlScriptsTestExecutionListener@6eebc39e]
2017-06-20 17:42:44 INFO  XmlBeanDefinitionReader:317 - Loading XML bean definitions from class path resource [appContext.xml]
2017-06-20 17:42:45 INFO  GenericApplicationContext:583 - Refreshing org.springframework.context.support.GenericApplicationContext@6f1fba17: startup date [Tue Jun 20 17:42:45 IST 2017]; root of context hierarchy
2017-06-20 17:42:45 INFO  MLog:212 - MLog clients using slf4j logging.
2017-06-20 17:42:45 INFO  C3P0Registry:212 - Initializing c3p0-0.9.5.2 [built 08-December-2015 22:06:04 -0800; debug? true; trace: 10]
2017-06-20 17:42:46 INFO  LocalContainerEntityManagerFactoryBean:349 - Building JPA container EntityManagerFactory for persistence unit 'V2CRM_PersistenceUnit'
2017-06-20 17:42:46 INFO  LogHelper:31 - HHH000204: Processing PersistenceUnitInfo [
	name: V2CRM_PersistenceUnit
	...]
2017-06-20 17:42:46 INFO  Version:45 - HHH000412: Hibernate Core {5.2.10.Final}
2017-06-20 17:42:46 INFO  Environment:213 - HHH000206: hibernate.properties not found
2017-06-20 17:42:46 INFO  Version:66 - HCANN000001: Hibernate Commons Annotations {5.0.1.Final}
2017-06-20 17:42:46 INFO  AbstractPoolBackedDataSource:212 - Initializing c3p0 pool... com.mchange.v2.c3p0.ComboPooledDataSource [ acquireIncrement -> 3, acquireRetryAttempts -> 30, acquireRetryDelay -> 1000, autoCommitOnClose -> false, automaticTestTable -> null, breakAfterAcquireFailure -> false, checkoutTimeout -> 5000, connectionCustomizerClassName -> null, connectionTesterClassName -> com.mchange.v2.c3p0.impl.DefaultConnectionTester, contextClassLoaderSource -> caller, dataSourceName -> 1hge1379o1irysoq825vtc|4a7f959b, debugUnreturnedConnectionStackTraces -> false, description -> null, driverClass -> com.mysql.jdbc.Driver, extensions -> {}, factoryClassLocation -> null, forceIgnoreUnresolvedTransactions -> false, forceSynchronousCheckins -> false, forceUseNamedDriverClass -> false, identityToken -> 1hge1379o1irysoq825vtc|4a7f959b, idleConnectionTestPeriod -> 60, initialPoolSize -> 3, jdbcUrl -> jdbc:mysql://localhost:3306/hirebuddy, maxAdministrativeTaskTime -> 0, maxConnectionAge -> 10, maxIdleTime -> 180, maxIdleTimeExcessConnections -> 0, maxPoolSize -> 25, maxStatements -> 0, maxStatementsPerConnection -> 0, minPoolSize -> 6, numHelperThreads -> 3, preferredTestQuery -> SELECT 1, privilegeSpawnedThreads -> false, properties -> {user=******, password=******}, propertyCycle -> 0, statementCacheNumDeferredCloseThreads -> 0, testConnectionOnCheckin -> true, testConnectionOnCheckout -> true, unreturnedConnectionTimeout -> 0, userOverrides -> {}, usesTraditionalReflectiveProxies -> false ]
2017-06-20 17:42:46 WARN  BasicResourcePool:220 - Bad pool size config, start 3 < min 6. Using 6 as start.
2017-06-20 17:42:47 INFO  Dialect:157 - HHH000400: Using dialect: org.hibernate.dialect.MySQL5InnoDBDialect
2017-06-20 17:42:48 INFO  QueryTranslatorFactoryInitiator:47 - HHH000397: Using ASTQueryTranslatorFactory
2017-06-20 17:42:48 INFO  LocalContainerEntityManagerFactoryBean:379 - Initialized JPA EntityManagerFactory for persistence unit 'V2CRM_PersistenceUnit'
2017-06-20 17:42:49 INFO  ServerImpl:85 - Setting the server's publish address to be /rest/
2017-06-20 17:42:50 INFO  TransactionContext:101 - Began transaction (1) for test context [DefaultTestContext@f951a7f testClass = BuddyServiceTest, testInstance = com.hirebuddy.services.test.BuddyServiceTest@20cece0b, testMethod = testBuddyCreationByMobile@BuddyServiceTest, testException = [null], mergedContextConfiguration = [MergedContextConfiguration@5e2a3040 testClass = BuddyServiceTest, locations = '{classpath:appContext.xml}', classes = '{}', contextInitializerClasses = '[]', activeProfiles = '{}', propertySourceLocations = '{}', propertySourceProperties = '{}', contextCustomizers = set[[empty]], contextLoader = 'org.springframework.test.context.support.DelegatingSmartContextLoader', parent = [null]]]; transaction manager [org.springframework.orm.jpa.JpaTransactionManager@e042c99]; rollback [false]
2017-06-20 17:42:51 INFO  TransactionContext:136 - Committed transaction for test context [DefaultTestContext@f951a7f testClass = BuddyServiceTest, testInstance = com.hirebuddy.services.test.BuddyServiceTest@20cece0b, testMethod = testBuddyCreationByMobile@BuddyServiceTest, testException = [null], mergedContextConfiguration = [MergedContextConfiguration@5e2a3040 testClass = BuddyServiceTest, locations = '{classpath:appContext.xml}', classes = '{}', contextInitializerClasses = '[]', activeProfiles = '{}', propertySourceLocations = '{}', propertySourceProperties = '{}', contextCustomizers = set[[empty]], contextLoader = 'org.springframework.test.context.support.DelegatingSmartContextLoader', parent = [null]]].
2017-06-20 17:42:51 INFO  GenericApplicationContext:984 - Closing org.springframework.context.support.GenericApplicationContext@6f1fba17: startup date [Tue Jun 20 17:42:45 IST 2017]; root of context hierarchy
2017-06-20 17:42:51 INFO  LocalContainerEntityManagerFactoryBean:548 - Closing JPA EntityManagerFactory for persistence unit 'V2CRM_PersistenceUnit'
